# JRE version: OpenJDK Runtime Environment (21.0.9) (build 21.0.9+-14787801-b1163.94)
# Java VM: OpenJDK 64-Bit Server VM (21.0.9+-14787801-b1163.94, mixed mode, tiered, compressed oops, compressed class ptrs, g1 gc, windows-amd64)
GC Precious Log:
 CardTable entry size: 512
 Card Set container configuration: InlinePtr #cards 4 size 8 Array Of Cards #cards 32 size 80 Howl #buckets 8 coarsen threshold 7372 Howl Bitmap #cards 1024 size 144 coarsen threshold 921 Card regions per heap region 1 cards per card region 8192
 CPUs: 12 total, 12 available
 Memory: 15702M
 Large Page Support: Disabled
 NUMA Support: Disabled
 Compressed Oops: Enabled (Zero based)
 Heap Region Size: 4M
 Heap Min Capacity: 8M
 Heap Initial Capacity: 248M
 Heap Max Capacity: 8G
 Pre-touch: Disabled
 Parallel Workers: 10
 Concurrent Workers: 3
 Concurrent Refinement Workers: 10
 Periodic GC: Disabled
Heap:
 garbage-first heap   total 1110016K, used 516096K [0x0000000600000000, 0x0000000800000000)
  region size 4096K, 8 young (32768K), 8 survivors (32768K)
 Metaspace       used 283370K, committed 286720K, reserved 1310720K
  class space    used 36955K, committed 38592K, reserved 1048576K
GC Heap History (20 events):
Event: 533.976 GC heap after
{Heap after GC invocations=118 (full 0):
 garbage-first heap   total 1077248K, used 398768K [0x0000000600000000, 0x0000000800000000)
  region size 4096K, 5 young (20480K), 5 survivors (20480K)
 Metaspace       used 237931K, committed 241088K, reserved 1310720K
  class space    used 30653K, committed 32192K, reserved 1048576K
}
Event: 538.358 GC heap before
{Heap before GC invocations=118 (full 0):
 garbage-first heap   total 1077248K, used 955824K [0x0000000600000000, 0x0000000800000000)
  region size 4096K, 142 young (581632K), 5 survivors (20480K)
 Metaspace       used 241080K, committed 244224K, reserved 1310720K
  class space    used 31009K, committed 32512K, reserved 1048576K
}
Event: 538.375 GC heap after
{Heap after GC invocations=119 (full 0):
 garbage-first heap   total 1077248K, used 404491K [0x0000000600000000, 0x0000000800000000)
  region size 4096K, 6 young (24576K), 6 survivors (24576K)
 Metaspace       used 241080K, committed 244224K, reserved 1310720K
  class space    used 31009K, committed 32512K, reserved 1048576K
}
Event: 545.976 GC heap before
{Heap before GC invocations=120 (full 0):
 garbage-first heap   total 1077248K, used 969739K [0x0000000600000000, 0x0000000800000000)
  region size 4096K, 145 young (593920K), 6 survivors (24576K)
 Metaspace       used 252317K, committed 255488K, reserved 1310720K
  class space    used 32332K, committed 33856K, reserved 1048576K
}
Event: 545.994 GC heap after
{Heap after GC invocations=121 (full 0):
 garbage-first heap   total 1077248K, used 414339K [0x0000000600000000, 0x0000000800000000)
  region size 4096K, 9 young (36864K), 9 survivors (36864K)
 Metaspace       used 252317K, committed 255488K, reserved 1310720K
  class space    used 32332K, committed 33856K, reserved 1048576K
}
Event: 555.205 GC heap before
{Heap before GC invocations=121 (full 0):
 garbage-first heap   total 1077248K, used 979587K [0x0000000600000000, 0x0000000800000000)
  region size 4096K, 148 young (606208K), 9 survivors (36864K)
 Metaspace       used 253640K, committed 256832K, reserved 1310720K
  class space    used 32473K, committed 33984K, reserved 1048576K
}
Event: 555.247 GC heap after
{Heap after GC invocations=122 (full 0):
 garbage-first heap   total 1077248K, used 375367K [0x0000000600000000, 0x0000000800000000)
  region size 4096K, 12 young (49152K), 12 survivors (49152K)
 Metaspace       used 253640K, committed 256832K, reserved 1310720K
  class space    used 32473K, committed 33984K, reserved 1048576K
}
Event: 560.358 GC heap before
{Heap before GC invocations=122 (full 0):
 garbage-first heap   total 1077248K, used 965191K [0x0000000600000000, 0x0000000800000000)
  region size 4096K, 157 young (643072K), 12 survivors (49152K)
 Metaspace       used 260245K, committed 263616K, reserved 1310720K
  class space    used 33386K, committed 35008K, reserved 1048576K
}
Event: 560.392 GC heap after
{Heap after GC invocations=123 (full 0):
 garbage-first heap   total 1077248K, used 394047K [0x0000000600000000, 0x0000000800000000)
  region size 4096K, 14 young (57344K), 14 survivors (57344K)
 Metaspace       used 260245K, committed 263616K, reserved 1310720K
  class space    used 33386K, committed 35008K, reserved 1048576K
}
Event: 563.422 GC heap before
{Heap before GC invocations=124 (full 0):
 garbage-first heap   total 1077248K, used 996159K [0x0000000600000000, 0x0000000800000000)
  region size 4096K, 157 young (643072K), 14 survivors (57344K)
 Metaspace       used 279130K, committed 282496K, reserved 1310720K
  class space    used 36475K, committed 38080K, reserved 1048576K
}
Event: 563.480 GC heap after
{Heap after GC invocations=125 (full 0):
 garbage-first heap   total 1093632K, used 435866K [0x0000000600000000, 0x0000000800000000)
  region size 4096K, 20 young (81920K), 20 survivors (81920K)
 Metaspace       used 279130K, committed 282496K, reserved 1310720K
  class space    used 36475K, committed 38080K, reserved 1048576K
}
Event: 565.649 GC heap before
{Heap before GC invocations=125 (full 0):
 garbage-first heap   total 1093632K, used 984730K [0x0000000600000000, 0x0000000800000000)
  region size 4096K, 155 young (634880K), 20 survivors (81920K)
 Metaspace       used 281816K, committed 285120K, reserved 1310720K
  class space    used 36831K, committed 38400K, reserved 1048576K
}
Event: 565.711 GC heap after
{Heap after GC invocations=126 (full 0):
 garbage-first heap   total 1097728K, used 435728K [0x0000000600000000, 0x0000000800000000)
  region size 4096K, 9 young (36864K), 9 survivors (36864K)
 Metaspace       used 281816K, committed 285120K, reserved 1310720K
  class space    used 36831K, committed 38400K, reserved 1048576K
}
Event: 567.154 GC heap before
{Heap before GC invocations=126 (full 0):
 garbage-first heap   total 1097728K, used 992784K [0x0000000600000000, 0x0000000800000000)
  region size 4096K, 146 young (598016K), 9 survivors (36864K)
 Metaspace       used 283211K, committed 286592K, reserved 1310720K
  class space    used 36969K, committed 38592K, reserved 1048576K
}
Event: 567.194 GC heap after
{Heap after GC invocations=127 (full 0):
 garbage-first heap   total 1097728K, used 465912K [0x0000000600000000, 0x0000000800000000)
  region size 4096K, 17 young (69632K), 17 survivors (69632K)
 Metaspace       used 283211K, committed 286592K, reserved 1310720K
  class space    used 36969K, committed 38592K, reserved 1048576K
}
Event: 568.503 GC heap before
{Heap before GC invocations=128 (full 0):
 garbage-first heap   total 1097728K, used 990200K [0x0000000600000000, 0x0000000800000000)
  region size 4096K, 146 young (598016K), 17 survivors (69632K)
 Metaspace       used 282885K, committed 286336K, reserved 1310720K
  class space    used 36937K, committed 38592K, reserved 1048576K
}
Event: 568.557 GC heap after
{Heap after GC invocations=129 (full 0):
 garbage-first heap   total 1097728K, used 495832K [0x0000000600000000, 0x0000000800000000)
  region size 4096K, 18 young (73728K), 18 survivors (73728K)
 Metaspace       used 282885K, committed 286336K, reserved 1310720K
  class space    used 36937K, committed 38592K, reserved 1048576K
}
Event: 569.405 GC heap before
{Heap before GC invocations=129 (full 0):
 garbage-first heap   total 1097728K, used 995544K [0x0000000600000000, 0x0000000800000000)
  region size 4096K, 141 young (577536K), 18 survivors (73728K)
 Metaspace       used 283025K, committed 286400K, reserved 1310720K
  class space    used 36944K, committed 38592K, reserved 1048576K
}
Event: 569.464 GC heap after
{Heap after GC invocations=130 (full 0):
 garbage-first heap   total 1110016K, used 503272K [0x0000000600000000, 0x0000000800000000)
  region size 4096K, 14 young (57344K), 14 survivors (57344K)
 Metaspace       used 283025K, committed 286400K, reserved 1310720K
  class space    used 36944K, committed 38592K, reserved 1048576K
}
Event: 570.282 GC heap before
{Heap before GC invocations=130 (full 0):
 garbage-first heap   total 1110016K, used 1015272K [0x0000000600000000, 0x0000000800000000)
  region size 4096K, 140 young (573440K), 14 survivors (57344K)
 Metaspace       used 283370K, committed 286720K, reserved 1310720K
  class space    used 36955K, committed 38592K, reserved 1048576K
}

